
Copyright (C) 1994-2020 Synopsys, Inc.
This Synopsys software and all associated documentation are proprietary to Synopsys, Inc.
and may only be used pursuant to the terms and conditions of a written license agreement
with Synopsys, Inc. All other use, reproduction, modification, or distribution of the
Synopsys software or the associated documentation is strictly prohibited.
Tool: Synplify Pro (R)
Build: Q-2020.03L-SP1
Install: C:\lscc\diamond\3.12\synpbase
OS: Windows 6.2

Hostname: LAPTOP-RAFAL

Implementation : impl1

# Written on Tue May 26 20:44:20 2026

##### DESIGN INFO #######################################################

Top View:                "top"
Constraint File(s):      (none)




##### SUMMARY ############################################################

Found 0 issues in 0 out of 0 constraints


##### DETAILS ############################################################



Clock Relationships
*******************

Starting                                          Ending                                            |     rise to rise     |     fall to fall     |     rise to fall     |     fall to rise                     
---------------------------------------------------------------------------------------------------------------------------------------------------------------------------------------------------------------
System                                            System                                            |     10.000           |     No paths         |     No paths         |     No paths                         
pll_50_to_40Mhz_0_90_180|CLKOP_inferred_clock     System                                            |     10.000           |     No paths         |     No paths         |     No paths                         
pll_50_to_40Mhz_0_90_180|CLKOP_inferred_clock     pll_50_to_40Mhz_0_90_180|CLKOP_inferred_clock     |     10.000           |     No paths         |     No paths         |     No paths                         
top|CLK                                           System                                            |     10.000           |     No paths         |     No paths         |     No paths                         
top|CLK                                           pll_50_to_40Mhz_0_90_180|CLKOP_inferred_clock     |     Diff grp         |     No paths         |     No paths         |     No paths                         
top|CLK                                           top|CLK                                           |     10.000           |     No paths         |     No paths         |     No paths                         
===============================================================================================================================================================================================================
 Note: 'No paths' indicates there are no paths in the design for that pair of clock edges.
       'Diff grp' indicates that paths exist but the starting clock and ending clock are in different clock groups.


Unconstrained Start/End Points
******************************

p:Button
p:EncA_QA
p:EncA_QB
p:EncB_QA
p:EncB_QB
p:I2C_C
p:I2C_D (bidir end point)
p:I2C_D (bidir start point)
p:LED[0]
p:LED[1]
p:LED[2]
p:LED[3]
p:VID_DDR_DAT[0]
p:VID_DDR_DAT[1]
p:VID_DDR_DAT[2]
p:VID_DDR_DAT[3]
p:VID_DDR_DAT[4]
p:VID_DDR_DAT[5]
p:VID_DDR_DAT[6]
p:VID_DDR_DAT[7]
p:VID_DDR_DAT[8]
p:VID_DDR_DAT[9]
p:VID_DDR_DAT[10]
p:VID_DDR_DAT[11]
p:VID_DDR_DE
p:VID_DDR_HSYNC
p:VID_DDR_PCLK
p:VID_DDR_VSYNC
p:nRST


Inapplicable constraints
************************

(none)


Applicable constraints with issues
**********************************

(none)


Constraints with matching wildcard expressions
**********************************************

(none)


Library Report
**************


# End of Constraint Checker Report
