
Copyright (C) 1994-2020 Synopsys, Inc.
This Synopsys software and all associated documentation are proprietary to Synopsys, Inc.
and may only be used pursuant to the terms and conditions of a written license agreement
with Synopsys, Inc. All other use, reproduction, modification, or distribution of the
Synopsys software or the associated documentation is strictly prohibited.
Tool: Synplify Pro (R)
Build: Q-2020.03L-SP1
Install: C:\lscc\diamond\3.12\synpbase
OS: Windows 6.2

Hostname: LAPTOP-RAFAL

Implementation : impl1

# Written on Tue May 26 20:44:18 2026

##### FILES SYNTAX CHECKED ##############################################
Constraint File(s):      (none)

#Run constraint checker to find more issues with constraints.
#########################################################################



No issues found in constraint syntax.



Clock Summary
*************

          Start                                             Requested     Requested     Clock        Clock                   Clock
Level     Clock                                             Frequency     Period        Type         Group                   Load 
----------------------------------------------------------------------------------------------------------------------------------
0 -       System                                            100.0 MHz     10.000        system       system_clkgroup         0    
                                                                                                                                  
0 -       pll_50_to_40Mhz_0_90_180|CLKOP_inferred_clock     100.0 MHz     10.000        inferred     Inferred_clkgroup_0     637  
                                                                                                                                  
0 -       top|CLK                                           100.0 MHz     10.000        inferred     Inferred_clkgroup_1     34   
==================================================================================================================================


Clock Load Summary
******************

                                                  Clock     Source                                Clock Pin                            Non-clock Pin     Non-clock Pin
Clock                                             Load      Pin                                   Seq Example                          Seq Example       Comb Example 
----------------------------------------------------------------------------------------------------------------------------------------------------------------------
System                                            0         -                                     -                                    -                 -            
                                                                                                                                                                      
pll_50_to_40Mhz_0_90_180|CLKOP_inferred_clock     637       pong_pll.PLLInst_0.CLKOP(EHXPLLJ)     pong_hdmi_i2c_cfg.cfg_data[11].C     -                 -            
                                                                                                                                                                      
top|CLK                                           34        CLK(port)                             deb_shoot.state.C                    -                 -            
======================================================================================================================================================================
