C:\lscc\diamond\3.12\synpbase\bin64\c_hdl.exe  -osyn  C:\Users\Rafal\Desktop\szymon_to_fpga\impl1\synwork\fpga_game_SD_impl1_comp.srs  -top  top  -hdllog  C:\Users\Rafal\Desktop\szymon_to_fpga\impl1\synlog\fpga_game_SD_impl1_compiler.srr  -encrypt  -mp  1  -verification_mode 0  -verilog  -prodtype  synplify_pro  -dspmac -fixsmult -infer_seqShift -nram -sdff_counter -divnmod -nostructver   -I C:\Users\Rafal\Desktop\szymon_to_fpga  -I C:\Users\Rafal\Desktop\szymon_to_fpga\impl1\  -I C:\lscc\diamond\3.12\synpbase\lib   -v2001  -devicelib  C:\lscc\diamond\3.12\synpbase\lib\lucent\machxo2.v  -devicelib  C:\lscc\diamond\3.12\synpbase\lib\lucent\pmi_def.v  -encrypt  -pro  -dmgen  C:\Users\Rafal\Desktop\szymon_to_fpga\impl1\dm  -ui -fid2 -ram -sharing on -ll 2000 -autosm  -D_MULTIPLE_FILE_COMPILATION_UNIT_  -lib work -fv2001 C:\Users\Rafal\Desktop\szymon_to_fpga\impl1\source\clk_divider.v -lib work -fv2001 C:\Users\Rafal\Desktop\szymon_to_fpga\impl1\source\ddr.v -lib work -fv2001 C:\Users\Rafal\Desktop\szymon_to_fpga\impl1\source\delay.v -lib work -fv2001 C:\Users\Rafal\Desktop\szymon_to_fpga\impl1\source\dev_i2c_phy.v -lib work -fv2001 C:\Users\Rafal\Desktop\szymon_to_fpga\impl1\source\dev_i2c_phy_bit.v -lib work -fv2001 C:\Users\Rafal\Desktop\szymon_to_fpga\impl1\source\dev_i2c_phy_scaler.v -lib work -fv2001 C:\Users\Rafal\Desktop\szymon_to_fpga\impl1\source\hdmi_i2c_cfg.v -lib work -fv2001 C:\Users\Rafal\Desktop\szymon_to_fpga\impl1\source\pll_75mhz.v -lib work -fv2001 C:\Users\Rafal\Desktop\szymon_to_fpga\impl1\source\pong_main.v -lib work -fv2001 C:\Users\Rafal\Desktop\szymon_to_fpga\impl1\source\pong_top.v -lib work -fv2001 C:\Users\Rafal\Desktop\szymon_to_fpga\impl1\source\rect_painter.v -lib work -fv2001 C:\Users\Rafal\Desktop\szymon_to_fpga\impl1\source\uart_rx.v -lib work -fv2001 C:\Users\Rafal\Desktop\szymon_to_fpga\impl1\source\uart_tx.v -lib work -fv2001 C:\Users\Rafal\Desktop\szymon_to_fpga\impl1\source\vga_sync_gen.v -lib work -fv2001 C:\Users\Rafal\Desktop\szymon_to_fpga\impl1\source\vo_phy_ddr.v -lib work -fv2001 C:\Users\Rafal\Desktop\szymon_to_fpga\impl1\source\pll_50_to_40Mhz_0_90_180.v  -jobname  "compiler" 
relcom:..\..\..\..\..\..\lscc\diamond\3.12\synpbase\bin64\c_hdl.exe -osyn ..\synwork\fpga_game_SD_impl1_comp.srs -top top -hdllog ..\synlog\fpga_game_SD_impl1_compiler.srr -encrypt -mp 1 -verification_mode 0 -verilog -prodtype synplify_pro -dspmac -fixsmult -infer_seqShift -nram -sdff_counter -divnmod -nostructver -I ..\..\..\szymon_to_fpga -I ..\ -I ..\..\..\..\..\..\lscc\diamond\3.12\synpbase\lib -v2001 -devicelib ..\..\..\..\..\..\lscc\diamond\3.12\synpbase\lib\lucent\machxo2.v -devicelib ..\..\..\..\..\..\lscc\diamond\3.12\synpbase\lib\lucent\pmi_def.v -encrypt -pro -dmgen ..\dm -ui -fid2 -ram -sharing on -ll 2000 -autosm -D_MULTIPLE_FILE_COMPILATION_UNIT_ -lib work -fv2001 ..\source\clk_divider.v -lib work -fv2001 ..\source\ddr.v -lib work -fv2001 ..\source\delay.v -lib work -fv2001 ..\source\dev_i2c_phy.v -lib work -fv2001 ..\source\dev_i2c_phy_bit.v -lib work -fv2001 ..\source\dev_i2c_phy_scaler.v -lib work -fv2001 ..\source\hdmi_i2c_cfg.v -lib work -fv2001 ..\source\pll_75mhz.v -lib work -fv2001 ..\source\pong_main.v -lib work -fv2001 ..\source\pong_top.v -lib work -fv2001 ..\source\rect_painter.v -lib work -fv2001 ..\source\uart_rx.v -lib work -fv2001 ..\source\uart_tx.v -lib work -fv2001 ..\source\vga_sync_gen.v -lib work -fv2001 ..\source\vo_phy_ddr.v -lib work -fv2001 ..\source\pll_50_to_40Mhz_0_90_180.v -jobname "compiler"
rc:0 success:1 runtime:1
file:..\synwork\fpga_game_SD_impl1_comp.srs|io:o|time:1779821056|size:117077|exec:0|csum:
file:..\synlog\fpga_game_SD_impl1_compiler.srr|io:o|time:1779821056|size:22227|exec:0|csum:
file:..\..\..\..\..\..\lscc\diamond\3.12\synpbase\lib\lucent\machxo2.v|io:i|time:1603959654|size:54295|exec:0|csum:CFBBE5B6AB5A98F0C71C4E305509B0E3
file:..\..\..\..\..\..\lscc\diamond\3.12\synpbase\lib\lucent\pmi_def.v|io:i|time:1603959654|size:40584|exec:0|csum:62845CEC2BB6FEBE1BA059B1E18015F4
file:.\-fv2001|io:i|time:0|size:-1|exec:0|csum:
file:..\source\clk_divider.v|io:i|time:1779819617|size:490|exec:0|csum:969E78FE7A5AD87E32E0B9EE6C281BAD
file:.\-fv2001|io:i|time:0|size:-1|exec:0|csum:
file:..\source\ddr.v|io:i|time:1779819617|size:1601|exec:0|csum:74A01989EC831CC675E954B933889804
file:.\-fv2001|io:i|time:0|size:-1|exec:0|csum:
file:..\source\delay.v|io:i|time:1779819617|size:554|exec:0|csum:F34093B762C0320722EF30B23FB3954F
file:.\-fv2001|io:i|time:0|size:-1|exec:0|csum:
file:..\source\dev_i2c_phy.v|io:i|time:1779819617|size:15171|exec:0|csum:F128CE6BF005E6715105BD0458639157
file:.\-fv2001|io:i|time:0|size:-1|exec:0|csum:
file:..\source\dev_i2c_phy_bit.v|io:i|time:1779819617|size:15088|exec:0|csum:2A11E0368DA430C4A1D3524233A9B80C
file:.\-fv2001|io:i|time:0|size:-1|exec:0|csum:
file:..\source\dev_i2c_phy_scaler.v|io:i|time:1779819617|size:2336|exec:0|csum:0FD09EA38FDABAB40B041F3DC66023A3
file:.\-fv2001|io:i|time:0|size:-1|exec:0|csum:
file:..\source\hdmi_i2c_cfg.v|io:i|time:1779819617|size:2051|exec:0|csum:E4A4E41D9D1152E1FB94E16044EFDFE8
file:.\-fv2001|io:i|time:0|size:-1|exec:0|csum:
file:..\source\pll_75mhz.v|io:i|time:1779819617|size:5042|exec:0|csum:1A9756B2F3B0488249D9936F26676F6D
file:.\-fv2001|io:i|time:0|size:-1|exec:0|csum:
file:..\source\pong_main.v|io:i|time:1779820802|size:27153|exec:0|csum:428E14FA3C329AEA7D474E2EEF9883E9
file:.\-fv2001|io:i|time:0|size:-1|exec:0|csum:
file:..\source\pong_top.v|io:i|time:1779820253|size:4848|exec:0|csum:1E24B4C1E626EB9825B86BEF1316A763
file:.\-fv2001|io:i|time:0|size:-1|exec:0|csum:
file:..\source\rect_painter.v|io:i|time:1779819617|size:698|exec:0|csum:C7D2B261ED0762EDAD132852DA6A0D7A
file:.\-fv2001|io:i|time:0|size:-1|exec:0|csum:
file:..\source\uart_rx.v|io:i|time:1779819617|size:2960|exec:0|csum:EFC8466942428611A7627A7542BAFB20
file:.\-fv2001|io:i|time:0|size:-1|exec:0|csum:
file:..\source\uart_tx.v|io:i|time:1779819617|size:2367|exec:0|csum:C14921DD13CAC1DB530192D9AEBCAB99
file:.\-fv2001|io:i|time:0|size:-1|exec:0|csum:
file:..\source\vga_sync_gen.v|io:i|time:1779819617|size:10413|exec:0|csum:BB54DEAC8030B0BDA428FDFF4A35723C
file:.\-fv2001|io:i|time:0|size:-1|exec:0|csum:
file:..\source\vo_phy_ddr.v|io:i|time:1779819617|size:3493|exec:0|csum:AD35C91E99E5030AD00D129DC8514A62
file:.\-fv2001|io:i|time:0|size:-1|exec:0|csum:
file:..\source\pll_50_to_40Mhz_0_90_180.v|io:i|time:1779820406|size:4901|exec:0|csum:5B079CE8DF9229BB0BA7082A1EDC17D9
file:..\..\..\..\..\..\lscc\diamond\3.12\synpbase\bin64\c_hdl.exe|io:i|time:1603959522|size:5736448|exec:1|csum:F3379711CDC83CA310869A1D9BD9BABE
