
Copyright (C) 1994-2020 Synopsys, Inc.
This Synopsys software and all associated documentation are proprietary to Synopsys, Inc.
and may only be used pursuant to the terms and conditions of a written license agreement
with Synopsys, Inc. All other use, reproduction, modification, or distribution of the
Synopsys software or the associated documentation is strictly prohibited.
Tool: Synplify Pro (R)
Build: Q-2020.03L-SP1
Install: C:\lscc\diamond\3.12\synpbase
OS: Windows 6.2

Hostname: LAPTOP-RAFAL

Implementation : impl1
Synopsys HDL compiler and linker, Version comp202003synp2, Build 182R, Built Oct 29 2020 10:49:53, @

Modified Files: 0
FID:  path (prevtimestamp, timestamp)

*******************************************************************
Modules that may have changed as a result of file changes: 0
MID:  lib.cell.view

*******************************************************************
Unmodified files: 22
FID:  path (timestamp)
0        C:\Users\Rafal\Desktop\szymon_to_fpga\impl1\source\clk_divider.v (2026-05-26 20:20:17)
1        C:\Users\Rafal\Desktop\szymon_to_fpga\impl1\source\ddr.v (2026-05-26 20:20:17)
2        C:\Users\Rafal\Desktop\szymon_to_fpga\impl1\source\delay.v (2026-05-26 20:20:17)
3        C:\Users\Rafal\Desktop\szymon_to_fpga\impl1\source\dev_i2c_phy.v (2026-05-26 20:20:17)
4        C:\Users\Rafal\Desktop\szymon_to_fpga\impl1\source\dev_i2c_phy_bit.v (2026-05-26 20:20:17)
5        C:\Users\Rafal\Desktop\szymon_to_fpga\impl1\source\dev_i2c_phy_scaler.v (2026-05-26 20:20:17)
6        C:\Users\Rafal\Desktop\szymon_to_fpga\impl1\source\hdmi_i2c_cfg.v (2026-05-26 20:20:17)
22       C:\Users\Rafal\Desktop\szymon_to_fpga\impl1\source\pll_50_to_40Mhz_0_90_180.v (2026-05-26 20:33:26)
7        C:\Users\Rafal\Desktop\szymon_to_fpga\impl1\source\pll_75mhz.v (2026-05-26 20:20:17)
8        C:\Users\Rafal\Desktop\szymon_to_fpga\impl1\source\pong_main.v (2026-05-26 20:40:02)
9        C:\Users\Rafal\Desktop\szymon_to_fpga\impl1\source\pong_top.v (2026-05-26 20:30:53)
10       C:\Users\Rafal\Desktop\szymon_to_fpga\impl1\source\rect_painter.v (2026-05-26 20:20:17)
11       C:\Users\Rafal\Desktop\szymon_to_fpga\impl1\source\uart_rx.v (2026-05-26 20:20:17)
12       C:\Users\Rafal\Desktop\szymon_to_fpga\impl1\source\uart_tx.v (2026-05-26 20:20:17)
13       C:\Users\Rafal\Desktop\szymon_to_fpga\impl1\source\vga_sync_gen.v (2026-05-26 20:20:17)
14       C:\Users\Rafal\Desktop\szymon_to_fpga\impl1\source\vo_phy_ddr.v (2026-05-26 20:20:17)
15       C:\lscc\diamond\3.12\synpbase\lib\lucent\machxo2.v (2020-10-29 09:20:54)
16       C:\lscc\diamond\3.12\synpbase\lib\lucent\pmi_def.v (2020-10-29 09:20:54)
17       C:\lscc\diamond\3.12\synpbase\lib\vlog\hypermods.v (2020-10-29 09:23:10)
18       C:\lscc\diamond\3.12\synpbase\lib\vlog\scemi_objects.v (2020-10-29 09:23:10)
19       C:\lscc\diamond\3.12\synpbase\lib\vlog\scemi_pipes.svh (2020-10-29 09:23:10)
20       C:\lscc\diamond\3.12\synpbase\lib\vlog\umr_capim.v (2020-10-29 09:23:10)

*******************************************************************
Unchanged modules: 18
MID:  lib.cell.view
0        work.clk_divider.verilog
1        work.ddr.verilog
2        work.debouncer.verilog
3        work.delay.verilog
4        work.dev_i2c_phy.verilog
5        work.dev_i2c_phy_bit.verilog
6        work.dev_i2c_phy_scaler.verilog
7        work.hdmi_i2c_cfg.verilog
8        work.pll_50_to_40Mhz_0_90_180.verilog
9        work.pll_75mhz.verilog
10       work.pong_main.verilog
11       work.quad_decoder.verilog
12       work.rect_painter.verilog
13       work.top.verilog
14       work.uart_rx.verilog
15       work.uart_tx.verilog
16       work.vga_sync_gen.verilog
17       work.vo_phy_ddr.verilog
